Started GET "/" for 127.0.0.1 at 2019-03-02 09:44:18 +0300
Processing by Rails::WelcomeController#index as HTML
  Rendering /Users/glc/.rvm/gems/ruby-2.4.1/gems/railties-5.2.2/lib/rails/templates/rails/welcome/index.html.erb
  Rendered /Users/glc/.rvm/gems/ruby-2.4.1/gems/railties-5.2.2/lib/rails/templates/rails/welcome/index.html.erb (3.9ms)
Completed 200 OK in 24ms (Views: 11.7ms | ActiveRecord: 0.0ms)


Started GET "/" for 127.0.0.1 at 2019-03-10 21:19:02 +0300
Processing by Rails::WelcomeController#index as HTML
  Rendering /Users/glc/.rvm/gems/ruby-2.4.1/gems/railties-5.2.2/lib/rails/templates/rails/welcome/index.html.erb
  Rendered /Users/glc/.rvm/gems/ruby-2.4.1/gems/railties-5.2.2/lib/rails/templates/rails/welcome/index.html.erb (4.2ms)
Completed 200 OK in 25ms (Views: 11.0ms | ActiveRecord: 0.0ms)


Started GET "/about/author" for 127.0.0.1 at 2019-03-10 21:59:51 +0300
  
LoadError (cannot load such file -- /Users/glc/test-guru/config/routes.rb):
  
bootsnap (1.4.1) lib/bootsnap/load_path_cache/core_ext/kernel_require.rb:50:in `load'
bootsnap (1.4.1) lib/bootsnap/load_path_cache/core_ext/kernel_require.rb:50:in `load'
activesupport (5.2.2) lib/active_support/dependencies.rb:285:in `block in load'
activesupport (5.2.2) lib/active_support/dependencies.rb:257:in `load_dependency'
activesupport (5.2.2) lib/active_support/dependencies.rb:285:in `load'
railties (5.2.2) lib/rails/application/routes_reloader.rb:41:in `block in load_paths'
railties (5.2.2) lib/rails/application/routes_reloader.rb:41:in `each'
railties (5.2.2) lib/rails/application/routes_reloader.rb:41:in `load_paths'
railties (5.2.2) lib/rails/application/routes_reloader.rb:20:in `reload!'
railties (5.2.2) lib/rails/application/routes_reloader.rb:30:in `block in updater'
activesupport (5.2.2) lib/active_support/file_update_checker.rb:83:in `execute'
railties (5.2.2) lib/rails/application/routes_reloader.rb:10:in `execute'
railties (5.2.2) lib/rails/application/finisher.rb:143:in `block (2 levels) in <module:Finisher>'
activesupport (5.2.2) lib/active_support/callbacks.rb:426:in `instance_exec'
activesupport (5.2.2) lib/active_support/callbacks.rb:426:in `block in make_lambda'
activesupport (5.2.2) lib/active_support/callbacks.rb:198:in `block (2 levels) in halting'
activesupport (5.2.2) lib/active_support/callbacks.rb:606:in `block (2 levels) in default_terminator'
activesupport (5.2.2) lib/active_support/callbacks.rb:605:in `catch'
activesupport (5.2.2) lib/active_support/callbacks.rb:605:in `block in default_terminator'
activesupport (5.2.2) lib/active_support/callbacks.rb:199:in `block in halting'
activesupport (5.2.2) lib/active_support/callbacks.rb:513:in `block in invoke_before'
activesupport (5.2.2) lib/active_support/callbacks.rb:513:in `each'
activesupport (5.2.2) lib/active_support/callbacks.rb:513:in `invoke_before'
activesupport (5.2.2) lib/active_support/callbacks.rb:131:in `run_callbacks'
activesupport (5.2.2) lib/active_support/execution_wrapper.rb:110:in `run!'
activesupport (5.2.2) lib/active_support/reloader.rb:115:in `run!'
activesupport (5.2.2) lib/active_support/execution_wrapper.rb:72:in `block in run!'
activesupport (5.2.2) lib/active_support/execution_wrapper.rb:69:in `tap'
activesupport (5.2.2) lib/active_support/execution_wrapper.rb:69:in `run!'
activesupport (5.2.2) lib/active_support/reloader.rb:64:in `run!'
actionpack (5.2.2) lib/action_dispatch/middleware/executor.rb:12:in `call'
actionpack (5.2.2) lib/action_dispatch/middleware/debug_exceptions.rb:61:in `call'
web-console (3.7.0) lib/web_console/middleware.rb:135:in `call_app'
web-console (3.7.0) lib/web_console/middleware.rb:30:in `block in call'
web-console (3.7.0) lib/web_console/middleware.rb:20:in `catch'
web-console (3.7.0) lib/web_console/middleware.rb:20:in `call'
actionpack (5.2.2) lib/action_dispatch/middleware/show_exceptions.rb:33:in `call'
railties (5.2.2) lib/rails/rack/logger.rb:38:in `call_app'
railties (5.2.2) lib/rails/rack/logger.rb:26:in `block in call'
activesupport (5.2.2) lib/active_support/tagged_logging.rb:71:in `block in tagged'
activesupport (5.2.2) lib/active_support/tagged_logging.rb:28:in `tagged'
activesupport (5.2.2) lib/active_support/tagged_logging.rb:71:in `tagged'
railties (5.2.2) lib/rails/rack/logger.rb:26:in `call'
sprockets-rails (3.2.1) lib/sprockets/rails/quiet_assets.rb:13:in `call'
actionpack (5.2.2) lib/action_dispatch/middleware/remote_ip.rb:81:in `call'
actionpack (5.2.2) lib/action_dispatch/middleware/request_id.rb:27:in `call'
rack (2.0.6) lib/rack/method_override.rb:22:in `call'
rack (2.0.6) lib/rack/runtime.rb:22:in `call'
activesupport (5.2.2) lib/active_support/cache/strategy/local_cache_middleware.rb:29:in `call'
actionpack (5.2.2) lib/action_dispatch/middleware/executor.rb:14:in `call'
actionpack (5.2.2) lib/action_dispatch/middleware/static.rb:127:in `call'
rack (2.0.6) lib/rack/sendfile.rb:111:in `call'
railties (5.2.2) lib/rails/engine.rb:524:in `call'
puma (3.12.0) lib/puma/configuration.rb:225:in `call'
puma (3.12.0) lib/puma/server.rb:658:in `handle_request'
puma (3.12.0) lib/puma/server.rb:472:in `process_client'
puma (3.12.0) lib/puma/server.rb:332:in `block in run'
puma (3.12.0) lib/puma/thread_pool.rb:133:in `block in spawn_thread'
Started GET "/" for 127.0.0.1 at 2019-03-10 22:12:03 +0300
  
ActionController::RoutingError (No route matches [GET] "/"):
  
actionpack (5.2.2) lib/action_dispatch/middleware/debug_exceptions.rb:65:in `call'
web-console (3.7.0) lib/web_console/middleware.rb:135:in `call_app'
web-console (3.7.0) lib/web_console/middleware.rb:30:in `block in call'
web-console (3.7.0) lib/web_console/middleware.rb:20:in `catch'
web-console (3.7.0) lib/web_console/middleware.rb:20:in `call'
actionpack (5.2.2) lib/action_dispatch/middleware/show_exceptions.rb:33:in `call'
railties (5.2.2) lib/rails/rack/logger.rb:38:in `call_app'
railties (5.2.2) lib/rails/rack/logger.rb:26:in `block in call'
activesupport (5.2.2) lib/active_support/tagged_logging.rb:71:in `block in tagged'
activesupport (5.2.2) lib/active_support/tagged_logging.rb:28:in `tagged'
activesupport (5.2.2) lib/active_support/tagged_logging.rb:71:in `tagged'
railties (5.2.2) lib/rails/rack/logger.rb:26:in `call'
sprockets-rails (3.2.1) lib/sprockets/rails/quiet_assets.rb:13:in `call'
actionpack (5.2.2) lib/action_dispatch/middleware/remote_ip.rb:81:in `call'
actionpack (5.2.2) lib/action_dispatch/middleware/request_id.rb:27:in `call'
rack (2.0.6) lib/rack/method_override.rb:22:in `call'
rack (2.0.6) lib/rack/runtime.rb:22:in `call'
activesupport (5.2.2) lib/active_support/cache/strategy/local_cache_middleware.rb:29:in `call'
actionpack (5.2.2) lib/action_dispatch/middleware/executor.rb:14:in `call'
actionpack (5.2.2) lib/action_dispatch/middleware/static.rb:127:in `call'
rack (2.0.6) lib/rack/sendfile.rb:111:in `call'
railties (5.2.2) lib/rails/engine.rb:524:in `call'
puma (3.12.0) lib/puma/configuration.rb:225:in `call'
puma (3.12.0) lib/puma/server.rb:658:in `handle_request'
puma (3.12.0) lib/puma/server.rb:472:in `process_client'
puma (3.12.0) lib/puma/server.rb:332:in `block in run'
puma (3.12.0) lib/puma/thread_pool.rb:133:in `block in spawn_thread'
Started GET "/" for 127.0.0.1 at 2019-03-10 22:14:20 +0300
Processing by Rails::WelcomeController#index as HTML
  Rendering /Users/glc/.rvm/gems/ruby-2.4.1/gems/railties-5.2.2/lib/rails/templates/rails/welcome/index.html.erb
  Rendered /Users/glc/.rvm/gems/ruby-2.4.1/gems/railties-5.2.2/lib/rails/templates/rails/welcome/index.html.erb (2.6ms)
Completed 200 OK in 11ms (Views: 6.0ms | ActiveRecord: 0.0ms)


Started GET "/" for 127.0.0.1 at 2019-03-10 22:16:21 +0300
Processing by Rails::WelcomeController#index as HTML
  Rendering /Users/glc/.rvm/gems/ruby-2.4.1/gems/railties-5.2.2/lib/rails/templates/rails/welcome/index.html.erb
  Rendered /Users/glc/.rvm/gems/ruby-2.4.1/gems/railties-5.2.2/lib/rails/templates/rails/welcome/index.html.erb (3.0ms)
Completed 200 OK in 9ms (Views: 5.8ms | ActiveRecord: 0.0ms)


Started GET "/" for 127.0.0.1 at 2019-03-10 22:16:25 +0300
Processing by Rails::WelcomeController#index as HTML
  Rendering /Users/glc/.rvm/gems/ruby-2.4.1/gems/railties-5.2.2/lib/rails/templates/rails/welcome/index.html.erb
  Rendered /Users/glc/.rvm/gems/ruby-2.4.1/gems/railties-5.2.2/lib/rails/templates/rails/welcome/index.html.erb (2.4ms)
Completed 200 OK in 10ms (Views: 6.4ms | ActiveRecord: 0.0ms)


